<?xml version="1.0" encoding="UTF-8"?>
<testng-results ignored="0" total="1" passed="1" failed="0" skipped="0">
  <reporter-output>
  </reporter-output>
  <suite started-at="2021-07-28T18:27:22 IST" name="GS-SprintReview" finished-at="2021-07-28T18:27:38 IST" duration-ms="15354">
    <groups>
    </groups>
    <test started-at="2021-07-28T18:27:22 IST" name="SUATFDemo" finished-at="2021-07-28T18:27:38 IST" duration-ms="15354">
      <class name="SearchAction">
        <test-method signature="testGoogleSearch()[pri:0, instance:SearchAction@4a70d302]" started-at="2021-07-28T18:27:22 IST" name="testGoogleSearch" finished-at="2021-07-28T18:27:38 IST" duration-ms="15310" status="PASS">
          <reporter-output>
          </reporter-output>
        </test-method> <!-- testGoogleSearch -->
      </class> <!-- SearchAction -->
    </test> <!-- SUATFDemo -->
  </suite> <!-- GS-SprintReview -->
</testng-results>
